[13/06/2025 10:23:52] ▶️ Đang đọc từng frame video cho Ngo Thanh Tan - ID: 123123
[13/06/2025 10:23:52] ✅ Lưu ảnh khuôn mặt: data\Ngo Thanh Tan\123123_Ngo Thanh Tan_1.jpg
[13/06/2025 10:23:52] ✅ Lưu ảnh khuôn mặt: data\Ngo Thanh Tan\123123_Ngo Thanh Tan_2.jpg
[13/06/2025 10:23:52] ✅ Lưu ảnh khuôn mặt: data\Ngo Thanh Tan\123123_Ngo Thanh Tan_3.jpg
[13/06/2025 10:23:52] ✅ Lưu ảnh khuôn mặt: data\Ngo Thanh Tan\123123_Ngo Thanh Tan_4.jpg
[13/06/2025 10:23:52] ✅ Lưu ảnh khuôn mặt: data\Ngo Thanh Tan\123123_Ngo Thanh Tan_5.jpg
[13/06/2025 10:23:52] ✅ Lưu ảnh khuôn mặt: data\Ngo Thanh Tan\123123_Ngo Thanh Tan_6.jpg
[13/06/2025 10:23:52] ✅ Lưu ảnh khuôn mặt: data\Ngo Thanh Tan\123123_Ngo Thanh Tan_7.jpg
[13/06/2025 10:23:52] ✅ Lưu ảnh khuôn mặt: data\Ngo Thanh Tan\123123_Ngo Thanh Tan_8.jpg
[13/06/2025 10:23:52] ✅ Lưu ảnh khuôn mặt: data\Ngo Thanh Tan\123123_Ngo Thanh Tan_9.jpg
[13/06/2025 10:23:52] ✅ Lưu ảnh khuôn mặt: data\Ngo Thanh Tan\123123_Ngo Thanh Tan_10.jpg
[13/06/2025 10:23:52] ✅ Lưu ảnh khuôn mặt: data\Ngo Thanh Tan\123123_Ngo Thanh Tan_11.jpg
[13/06/2025 10:23:52] ✅ Lưu ảnh khuôn mặt: data\Ngo Thanh Tan\123123_Ngo Thanh Tan_12.jpg
[13/06/2025 10:23:52] ✅ Lưu ảnh khuôn mặt: data\Ngo Thanh Tan\123123_Ngo Thanh Tan_13.jpg
[13/06/2025 10:23:52] ✅ Lưu ảnh khuôn mặt: data\Ngo Thanh Tan\123123_Ngo Thanh Tan_14.jpg
[13/06/2025 10:23:53] ✅ Lưu ảnh khuôn mặt: data\Ngo Thanh Tan\123123_Ngo Thanh Tan_15.jpg
[13/06/2025 10:23:53] ✅ Lưu ảnh khuôn mặt: data\Ngo Thanh Tan\123123_Ngo Thanh Tan_16.jpg
[13/06/2025 10:23:53] ✅ Lưu ảnh khuôn mặt: data\Ngo Thanh Tan\123123_Ngo Thanh Tan_17.jpg
[13/06/2025 10:23:53] ✅ Lưu ảnh khuôn mặt: data\Ngo Thanh Tan\123123_Ngo Thanh Tan_18.jpg
[13/06/2025 10:23:53] ✅ Lưu ảnh khuôn mặt: data\Ngo Thanh Tan\123123_Ngo Thanh Tan_19.jpg
[13/06/2025 10:23:53] ✅ Lưu ảnh khuôn mặt: data\Ngo Thanh Tan\123123_Ngo Thanh Tan_20.jpg
[13/06/2025 10:23:53] ✅ Lưu ảnh khuôn mặt: data\Ngo Thanh Tan\123123_Ngo Thanh Tan_21.jpg
[13/06/2025 10:23:53] ✅ Lưu ảnh khuôn mặt: data\Ngo Thanh Tan\123123_Ngo Thanh Tan_22.jpg
[13/06/2025 10:23:53] ✅ Lưu ảnh khuôn mặt: data\Ngo Thanh Tan\123123_Ngo Thanh Tan_23.jpg
[13/06/2025 10:23:53] ✅ Lưu ảnh khuôn mặt: data\Ngo Thanh Tan\123123_Ngo Thanh Tan_24.jpg
[13/06/2025 10:23:53] ✅ Lưu ảnh khuôn mặt: data\Ngo Thanh Tan\123123_Ngo Thanh Tan_25.jpg
[13/06/2025 10:23:53] ✅ Lưu ảnh khuôn mặt: data\Ngo Thanh Tan\123123_Ngo Thanh Tan_26.jpg
[13/06/2025 10:23:53] ✅ Lưu ảnh khuôn mặt: data\Ngo Thanh Tan\123123_Ngo Thanh Tan_27.jpg
[13/06/2025 10:23:53] ✅ Lưu ảnh khuôn mặt: data\Ngo Thanh Tan\123123_Ngo Thanh Tan_28.jpg
[13/06/2025 10:23:53] ✅ Lưu ảnh khuôn mặt: data\Ngo Thanh Tan\123123_Ngo Thanh Tan_29.jpg
[13/06/2025 10:23:53] ✅ Lưu ảnh khuôn mặt: data\Ngo Thanh Tan\123123_Ngo Thanh Tan_30.jpg
[13/06/2025 10:23:54] ✅ Đã lưu 30 khuôn mặt từ video cho Ngo Thanh Tan - ID: 123123
[13/06/2025 10:49:03] ✅ Tạo thư mục 123123_Ngo Thanh Tan thành công.
[13/06/2025 10:49:03] ❌ Đã xảy ra lỗi khi sao chép video: [Errno 2] No such file or directory: 'Getting_data_video/123123_NgoThanhTan.mp4'
[13/06/2025 10:50:13] ❌ Thư mục 123123_Ngo Thanh Tan đã tồn tại.
[13/06/2025 10:50:13] ❌ Đã xảy ra lỗi khi sao chép video: [Errno 2] No such file or directory: 'Getting_data_video/123123_NgoThanhTan.mp4'
[13/06/2025 10:51:22] ❌ Thư mục 123123_Ngo Thanh Tan đã tồn tại.
[13/06/2025 10:51:22] ✅ Video đã được sao chép vào: Getting_data_video\123123_Ngo Thanh Tan\123123_NgoThanhTan.mp4
[13/06/2025 10:51:22] ▶️ Đang đọc từng frame video cho Ngo Thanh Tan - ID: 123123
[13/06/2025 10:51:22] ✅ Lưu ảnh khuôn mặt: data\Ngo Thanh Tan\123123_Ngo Thanh Tan_1.jpg
[13/06/2025 10:51:22] ✅ Lưu ảnh khuôn mặt: data\Ngo Thanh Tan\123123_Ngo Thanh Tan_2.jpg
[13/06/2025 10:51:22] ✅ Lưu ảnh khuôn mặt: data\Ngo Thanh Tan\123123_Ngo Thanh Tan_3.jpg
[13/06/2025 10:51:22] ✅ Lưu ảnh khuôn mặt: data\Ngo Thanh Tan\123123_Ngo Thanh Tan_4.jpg
[13/06/2025 10:51:22] ✅ Lưu ảnh khuôn mặt: data\Ngo Thanh Tan\123123_Ngo Thanh Tan_5.jpg
[13/06/2025 10:51:22] ✅ Lưu ảnh khuôn mặt: data\Ngo Thanh Tan\123123_Ngo Thanh Tan_6.jpg
[13/06/2025 10:51:23] ✅ Lưu ảnh khuôn mặt: data\Ngo Thanh Tan\123123_Ngo Thanh Tan_7.jpg
[13/06/2025 10:51:23] ✅ Lưu ảnh khuôn mặt: data\Ngo Thanh Tan\123123_Ngo Thanh Tan_8.jpg
[13/06/2025 10:51:23] ✅ Lưu ảnh khuôn mặt: data\Ngo Thanh Tan\123123_Ngo Thanh Tan_9.jpg
[13/06/2025 10:51:23] ✅ Lưu ảnh khuôn mặt: data\Ngo Thanh Tan\123123_Ngo Thanh Tan_10.jpg
[13/06/2025 10:51:23] ✅ Lưu ảnh khuôn mặt: data\Ngo Thanh Tan\123123_Ngo Thanh Tan_11.jpg
[13/06/2025 10:51:23] ✅ Lưu ảnh khuôn mặt: data\Ngo Thanh Tan\123123_Ngo Thanh Tan_12.jpg
[13/06/2025 10:51:23] ✅ Lưu ảnh khuôn mặt: data\Ngo Thanh Tan\123123_Ngo Thanh Tan_13.jpg
[13/06/2025 10:51:23] ✅ Lưu ảnh khuôn mặt: data\Ngo Thanh Tan\123123_Ngo Thanh Tan_14.jpg
[13/06/2025 10:51:23] ✅ Lưu ảnh khuôn mặt: data\Ngo Thanh Tan\123123_Ngo Thanh Tan_15.jpg
[13/06/2025 10:51:23] ✅ Lưu ảnh khuôn mặt: data\Ngo Thanh Tan\123123_Ngo Thanh Tan_16.jpg
[13/06/2025 10:51:23] ✅ Lưu ảnh khuôn mặt: data\Ngo Thanh Tan\123123_Ngo Thanh Tan_17.jpg
[13/06/2025 10:51:23] ✅ Lưu ảnh khuôn mặt: data\Ngo Thanh Tan\123123_Ngo Thanh Tan_18.jpg
[13/06/2025 10:51:23] ✅ Lưu ảnh khuôn mặt: data\Ngo Thanh Tan\123123_Ngo Thanh Tan_19.jpg
[13/06/2025 10:51:23] ✅ Lưu ảnh khuôn mặt: data\Ngo Thanh Tan\123123_Ngo Thanh Tan_20.jpg
[13/06/2025 10:51:23] ✅ Lưu ảnh khuôn mặt: data\Ngo Thanh Tan\123123_Ngo Thanh Tan_21.jpg
[13/06/2025 10:51:23] ✅ Lưu ảnh khuôn mặt: data\Ngo Thanh Tan\123123_Ngo Thanh Tan_22.jpg
[13/06/2025 10:51:23] ✅ Lưu ảnh khuôn mặt: data\Ngo Thanh Tan\123123_Ngo Thanh Tan_23.jpg
[13/06/2025 10:51:23] ✅ Lưu ảnh khuôn mặt: data\Ngo Thanh Tan\123123_Ngo Thanh Tan_24.jpg
[13/06/2025 10:51:24] ✅ Lưu ảnh khuôn mặt: data\Ngo Thanh Tan\123123_Ngo Thanh Tan_25.jpg
[13/06/2025 10:51:24] ✅ Lưu ảnh khuôn mặt: data\Ngo Thanh Tan\123123_Ngo Thanh Tan_26.jpg
[13/06/2025 10:51:24] ✅ Lưu ảnh khuôn mặt: data\Ngo Thanh Tan\123123_Ngo Thanh Tan_27.jpg
[13/06/2025 10:51:24] ✅ Lưu ảnh khuôn mặt: data\Ngo Thanh Tan\123123_Ngo Thanh Tan_28.jpg
[13/06/2025 10:51:24] ✅ Lưu ảnh khuôn mặt: data\Ngo Thanh Tan\123123_Ngo Thanh Tan_29.jpg
[13/06/2025 10:51:24] ✅ Lưu ảnh khuôn mặt: data\Ngo Thanh Tan\123123_Ngo Thanh Tan_30.jpg
[13/06/2025 10:51:24] ✅ Đã lưu 30 khuôn mặt từ video cho Ngo Thanh Tan - ID: 123123
[13/06/2025 10:57:59] ✅ Tạo thư mục 123123_Ngo Thanh Tan thành công.
[13/06/2025 10:57:59] ✅ Video đã được sao chép vào: Getting_data_video\123123_Ngo Thanh Tan\123123_NgoThanhTan.mp4
[13/06/2025 10:57:59] ▶️ Đang đọc từng frame video cho Ngo Thanh Tan - ID: 123123
[13/06/2025 10:57:59] ✅ Lưu ảnh khuôn mặt: data\Ngo Thanh Tan\123123_Ngo Thanh Tan_1.jpg
[13/06/2025 10:57:59] ✅ Lưu ảnh khuôn mặt: data\Ngo Thanh Tan\123123_Ngo Thanh Tan_2.jpg
[13/06/2025 10:57:59] ✅ Lưu ảnh khuôn mặt: data\Ngo Thanh Tan\123123_Ngo Thanh Tan_3.jpg
[13/06/2025 10:57:59] ✅ Lưu ảnh khuôn mặt: data\Ngo Thanh Tan\123123_Ngo Thanh Tan_4.jpg
[13/06/2025 10:57:59] ✅ Lưu ảnh khuôn mặt: data\Ngo Thanh Tan\123123_Ngo Thanh Tan_5.jpg
[13/06/2025 10:57:59] ✅ Lưu ảnh khuôn mặt: data\Ngo Thanh Tan\123123_Ngo Thanh Tan_6.jpg
[13/06/2025 10:57:59] ✅ Lưu ảnh khuôn mặt: data\Ngo Thanh Tan\123123_Ngo Thanh Tan_7.jpg
[13/06/2025 10:57:59] ✅ Lưu ảnh khuôn mặt: data\Ngo Thanh Tan\123123_Ngo Thanh Tan_8.jpg
[13/06/2025 10:57:59] ✅ Lưu ảnh khuôn mặt: data\Ngo Thanh Tan\123123_Ngo Thanh Tan_9.jpg
[13/06/2025 10:57:59] ✅ Lưu ảnh khuôn mặt: data\Ngo Thanh Tan\123123_Ngo Thanh Tan_10.jpg
[13/06/2025 10:57:59] ✅ Lưu ảnh khuôn mặt: data\Ngo Thanh Tan\123123_Ngo Thanh Tan_11.jpg
[13/06/2025 10:57:59] ✅ Lưu ảnh khuôn mặt: data\Ngo Thanh Tan\123123_Ngo Thanh Tan_12.jpg
[13/06/2025 10:57:59] ✅ Lưu ảnh khuôn mặt: data\Ngo Thanh Tan\123123_Ngo Thanh Tan_13.jpg
[13/06/2025 10:57:59] ✅ Lưu ảnh khuôn mặt: data\Ngo Thanh Tan\123123_Ngo Thanh Tan_14.jpg
[13/06/2025 10:57:59] ✅ Lưu ảnh khuôn mặt: data\Ngo Thanh Tan\123123_Ngo Thanh Tan_15.jpg
[13/06/2025 10:58:00] ✅ Lưu ảnh khuôn mặt: data\Ngo Thanh Tan\123123_Ngo Thanh Tan_16.jpg
[13/06/2025 10:58:00] ✅ Lưu ảnh khuôn mặt: data\Ngo Thanh Tan\123123_Ngo Thanh Tan_17.jpg
[13/06/2025 10:58:00] ✅ Lưu ảnh khuôn mặt: data\Ngo Thanh Tan\123123_Ngo Thanh Tan_18.jpg
[13/06/2025 10:58:00] ✅ Lưu ảnh khuôn mặt: data\Ngo Thanh Tan\123123_Ngo Thanh Tan_19.jpg
[13/06/2025 10:58:00] ✅ Lưu ảnh khuôn mặt: data\Ngo Thanh Tan\123123_Ngo Thanh Tan_20.jpg
[13/06/2025 10:58:00] ✅ Lưu ảnh khuôn mặt: data\Ngo Thanh Tan\123123_Ngo Thanh Tan_21.jpg
[13/06/2025 10:58:00] ✅ Lưu ảnh khuôn mặt: data\Ngo Thanh Tan\123123_Ngo Thanh Tan_22.jpg
[13/06/2025 10:58:00] ✅ Lưu ảnh khuôn mặt: data\Ngo Thanh Tan\123123_Ngo Thanh Tan_23.jpg
[13/06/2025 10:58:00] ✅ Lưu ảnh khuôn mặt: data\Ngo Thanh Tan\123123_Ngo Thanh Tan_24.jpg
[13/06/2025 10:58:00] ✅ Lưu ảnh khuôn mặt: data\Ngo Thanh Tan\123123_Ngo Thanh Tan_25.jpg
[13/06/2025 10:58:00] ✅ Lưu ảnh khuôn mặt: data\Ngo Thanh Tan\123123_Ngo Thanh Tan_26.jpg
[13/06/2025 10:58:00] ✅ Lưu ảnh khuôn mặt: data\Ngo Thanh Tan\123123_Ngo Thanh Tan_27.jpg
[13/06/2025 10:58:00] ✅ Lưu ảnh khuôn mặt: data\Ngo Thanh Tan\123123_Ngo Thanh Tan_28.jpg
[13/06/2025 10:58:00] ✅ Lưu ảnh khuôn mặt: data\Ngo Thanh Tan\123123_Ngo Thanh Tan_29.jpg
[13/06/2025 10:58:00] ✅ Lưu ảnh khuôn mặt: data\Ngo Thanh Tan\123123_Ngo Thanh Tan_30.jpg
[13/06/2025 10:58:00] ✅ Đã lưu 30 khuôn mặt từ video cho Ngo Thanh Tan - ID: 123123
[13/06/2025 11:46:47] ▶️ Đang đọc từng frame video cho Ngo Thanh Tan - ID: 123123
[13/06/2025 11:46:48] ✅ Lưu ảnh khuôn mặt: data\123123_Ngo Thanh Tan\123123_Ngo Thanh Tan.jpg
[13/06/2025 11:46:48] ✅ Lưu ảnh khuôn mặt: data\123123_Ngo Thanh Tan\123123_Ngo Thanh Tan.jpg
[13/06/2025 11:46:48] ✅ Lưu ảnh khuôn mặt: data\123123_Ngo Thanh Tan\123123_Ngo Thanh Tan.jpg
[13/06/2025 11:46:48] ✅ Lưu ảnh khuôn mặt: data\123123_Ngo Thanh Tan\123123_Ngo Thanh Tan.jpg
[13/06/2025 11:46:48] ✅ Lưu ảnh khuôn mặt: data\123123_Ngo Thanh Tan\123123_Ngo Thanh Tan.jpg
[13/06/2025 11:46:48] ✅ Lưu ảnh khuôn mặt: data\123123_Ngo Thanh Tan\123123_Ngo Thanh Tan.jpg
[13/06/2025 11:46:48] ✅ Lưu ảnh khuôn mặt: data\123123_Ngo Thanh Tan\123123_Ngo Thanh Tan.jpg
[13/06/2025 11:46:48] ✅ Lưu ảnh khuôn mặt: data\123123_Ngo Thanh Tan\123123_Ngo Thanh Tan.jpg
[13/06/2025 11:46:48] ✅ Lưu ảnh khuôn mặt: data\123123_Ngo Thanh Tan\123123_Ngo Thanh Tan.jpg
[13/06/2025 11:46:48] ✅ Lưu ảnh khuôn mặt: data\123123_Ngo Thanh Tan\123123_Ngo Thanh Tan.jpg
[13/06/2025 11:46:48] ✅ Lưu ảnh khuôn mặt: data\123123_Ngo Thanh Tan\123123_Ngo Thanh Tan.jpg
[13/06/2025 11:46:48] ✅ Lưu ảnh khuôn mặt: data\123123_Ngo Thanh Tan\123123_Ngo Thanh Tan.jpg
[13/06/2025 11:46:48] ✅ Lưu ảnh khuôn mặt: data\123123_Ngo Thanh Tan\123123_Ngo Thanh Tan.jpg
[13/06/2025 11:46:48] ✅ Lưu ảnh khuôn mặt: data\123123_Ngo Thanh Tan\123123_Ngo Thanh Tan.jpg
[13/06/2025 11:46:48] ✅ Lưu ảnh khuôn mặt: data\123123_Ngo Thanh Tan\123123_Ngo Thanh Tan.jpg
[13/06/2025 11:46:48] ✅ Lưu ảnh khuôn mặt: data\123123_Ngo Thanh Tan\123123_Ngo Thanh Tan.jpg
[13/06/2025 11:46:48] ✅ Lưu ảnh khuôn mặt: data\123123_Ngo Thanh Tan\123123_Ngo Thanh Tan.jpg
[13/06/2025 11:46:48] ✅ Lưu ảnh khuôn mặt: data\123123_Ngo Thanh Tan\123123_Ngo Thanh Tan.jpg
[13/06/2025 11:46:48] ✅ Lưu ảnh khuôn mặt: data\123123_Ngo Thanh Tan\123123_Ngo Thanh Tan.jpg
[13/06/2025 11:46:48] ✅ Lưu ảnh khuôn mặt: data\123123_Ngo Thanh Tan\123123_Ngo Thanh Tan.jpg
[13/06/2025 11:46:48] ✅ Lưu ảnh khuôn mặt: data\123123_Ngo Thanh Tan\123123_Ngo Thanh Tan.jpg
[13/06/2025 11:46:48] ✅ Lưu ảnh khuôn mặt: data\123123_Ngo Thanh Tan\123123_Ngo Thanh Tan.jpg
[13/06/2025 11:46:48] ✅ Lưu ảnh khuôn mặt: data\123123_Ngo Thanh Tan\123123_Ngo Thanh Tan.jpg
[13/06/2025 11:46:48] ✅ Lưu ảnh khuôn mặt: data\123123_Ngo Thanh Tan\123123_Ngo Thanh Tan.jpg
[13/06/2025 11:46:49] ✅ Lưu ảnh khuôn mặt: data\123123_Ngo Thanh Tan\123123_Ngo Thanh Tan.jpg
[13/06/2025 11:46:49] ✅ Lưu ảnh khuôn mặt: data\123123_Ngo Thanh Tan\123123_Ngo Thanh Tan.jpg
[13/06/2025 11:46:49] ✅ Lưu ảnh khuôn mặt: data\123123_Ngo Thanh Tan\123123_Ngo Thanh Tan.jpg
[13/06/2025 11:46:49] ✅ Lưu ảnh khuôn mặt: data\123123_Ngo Thanh Tan\123123_Ngo Thanh Tan.jpg
[13/06/2025 11:46:49] ✅ Lưu ảnh khuôn mặt: data\123123_Ngo Thanh Tan\123123_Ngo Thanh Tan.jpg
[13/06/2025 11:46:49] ✅ Lưu ảnh khuôn mặt: data\123123_Ngo Thanh Tan\123123_Ngo Thanh Tan.jpg
[13/06/2025 11:46:49] ✅ Đã lưu 30 khuôn mặt từ video cho Ngo Thanh Tan - ID: 123123
[13/06/2025 11:46:49] ▶️ Đang đọc từng frame video cho NgoThanhTan - ID: 123123
[13/06/2025 11:46:49] ✅ Lưu ảnh khuôn mặt: data\123123_NgoThanhTan\123123_NgoThanhTan.jpg
[13/06/2025 11:46:49] ✅ Lưu ảnh khuôn mặt: data\123123_NgoThanhTan\123123_NgoThanhTan.jpg
[13/06/2025 11:46:49] ✅ Lưu ảnh khuôn mặt: data\123123_NgoThanhTan\123123_NgoThanhTan.jpg
[13/06/2025 11:46:49] ✅ Lưu ảnh khuôn mặt: data\123123_NgoThanhTan\123123_NgoThanhTan.jpg
[13/06/2025 11:46:49] ✅ Lưu ảnh khuôn mặt: data\123123_NgoThanhTan\123123_NgoThanhTan.jpg
[13/06/2025 11:46:49] ✅ Lưu ảnh khuôn mặt: data\123123_NgoThanhTan\123123_NgoThanhTan.jpg
[13/06/2025 11:46:49] ✅ Lưu ảnh khuôn mặt: data\123123_NgoThanhTan\123123_NgoThanhTan.jpg
[13/06/2025 11:46:49] ✅ Lưu ảnh khuôn mặt: data\123123_NgoThanhTan\123123_NgoThanhTan.jpg
[13/06/2025 11:46:49] ✅ Lưu ảnh khuôn mặt: data\123123_NgoThanhTan\123123_NgoThanhTan.jpg
[13/06/2025 11:46:49] ✅ Lưu ảnh khuôn mặt: data\123123_NgoThanhTan\123123_NgoThanhTan.jpg
[13/06/2025 11:46:49] ✅ Lưu ảnh khuôn mặt: data\123123_NgoThanhTan\123123_NgoThanhTan.jpg
[13/06/2025 11:46:49] ✅ Lưu ảnh khuôn mặt: data\123123_NgoThanhTan\123123_NgoThanhTan.jpg
[13/06/2025 11:46:49] ✅ Lưu ảnh khuôn mặt: data\123123_NgoThanhTan\123123_NgoThanhTan.jpg
[13/06/2025 11:46:49] ✅ Lưu ảnh khuôn mặt: data\123123_NgoThanhTan\123123_NgoThanhTan.jpg
[13/06/2025 11:46:49] ✅ Lưu ảnh khuôn mặt: data\123123_NgoThanhTan\123123_NgoThanhTan.jpg
[13/06/2025 11:46:49] ✅ Lưu ảnh khuôn mặt: data\123123_NgoThanhTan\123123_NgoThanhTan.jpg
[13/06/2025 11:46:49] ✅ Lưu ảnh khuôn mặt: data\123123_NgoThanhTan\123123_NgoThanhTan.jpg
[13/06/2025 11:46:49] ✅ Lưu ảnh khuôn mặt: data\123123_NgoThanhTan\123123_NgoThanhTan.jpg
[13/06/2025 11:46:49] ✅ Lưu ảnh khuôn mặt: data\123123_NgoThanhTan\123123_NgoThanhTan.jpg
[13/06/2025 11:46:49] ✅ Lưu ảnh khuôn mặt: data\123123_NgoThanhTan\123123_NgoThanhTan.jpg
[13/06/2025 11:46:49] ✅ Lưu ảnh khuôn mặt: data\123123_NgoThanhTan\123123_NgoThanhTan.jpg
[13/06/2025 11:46:49] ✅ Lưu ảnh khuôn mặt: data\123123_NgoThanhTan\123123_NgoThanhTan.jpg
[13/06/2025 11:46:50] ✅ Lưu ảnh khuôn mặt: data\123123_NgoThanhTan\123123_NgoThanhTan.jpg
[13/06/2025 11:46:50] ✅ Lưu ảnh khuôn mặt: data\123123_NgoThanhTan\123123_NgoThanhTan.jpg
[13/06/2025 11:46:50] ✅ Lưu ảnh khuôn mặt: data\123123_NgoThanhTan\123123_NgoThanhTan.jpg
[13/06/2025 11:46:50] ✅ Lưu ảnh khuôn mặt: data\123123_NgoThanhTan\123123_NgoThanhTan.jpg
[13/06/2025 11:46:50] ✅ Lưu ảnh khuôn mặt: data\123123_NgoThanhTan\123123_NgoThanhTan.jpg
[13/06/2025 11:46:50] ✅ Lưu ảnh khuôn mặt: data\123123_NgoThanhTan\123123_NgoThanhTan.jpg
[13/06/2025 11:46:50] ✅ Lưu ảnh khuôn mặt: data\123123_NgoThanhTan\123123_NgoThanhTan.jpg
[13/06/2025 11:46:50] ✅ Lưu ảnh khuôn mặt: data\123123_NgoThanhTan\123123_NgoThanhTan.jpg
[13/06/2025 11:46:50] ✅ Đã lưu 30 khuôn mặt từ video cho NgoThanhTan - ID: 123123
