[13/06/2025 10:23:52] ❌ Video không tồn tại: Getting_data_video/12345678_NguyenVanA.mp4
[13/06/2025 10:23:52] ✅ Đã mở video thành công: Getting_data_video/123123_NgoThanhTan.mp4
[13/06/2025 10:23:54] ========== KẾT THÚC ==========

[13/06/2025 10:49:03] ❌ Video không tồn tại: Getting_data_video/12345678_NguyenVanA.mp4
[13/06/2025 10:49:03] ❌ Video không tồn tại: Getting_data_video/123123_NgoThanhTan.mp4
[13/06/2025 10:49:03] ========== KẾT THÚC ==========

[13/06/2025 10:50:13] ❌ Video không tồn tại: Getting_data_video/12345678_NguyenVanA.mp4
[13/06/2025 10:50:13] ❌ Video không tồn tại: Getting_data_video/123123_NgoThanhTan.mp4
[13/06/2025 10:50:13] ========== KẾT THÚC ==========

[13/06/2025 10:51:22] ✅ Đã mở video thành công: Getting_data_video/123123_NgoThanhTan/123123_NgoThanhTan.mp4
[13/06/2025 10:51:24] ========== KẾT THÚC ==========

[13/06/2025 10:57:59] ✅ Đã mở video thành công: Getting_data_video/123123_NgoThanhTan/123123_NgoThanhTan.mp4
[13/06/2025 10:58:00] ========== KẾT THÚC ==========

[13/06/2025 11:19:55] ❌ Định dạng không đúng cho dòng: 123123;Ngo Thanh Tan;Getting_data_video/123123_NgoThanhTan/123123_NgoThanhTan.mp4554;Trần văn;Getting_data_video/554_Trần văn\554_Trần văn.mp4
[13/06/2025 11:19:55] ❌ Video không tồn tại: Getting_data_video/888_Tran Thi Tam\888_Tran Thi Tam.mp4
[13/06/2025 11:19:55] ========== KẾT THÚC ==========

[13/06/2025 11:20:45] ❌ Định dạng không đúng cho dòng: 123123;Ngo Thanh Tan;Getting_data_video/123123_NgoThanhTan/123123_NgoThanhTan.mp4554;
[13/06/2025 11:20:45] ❌ Định dạng không đúng cho dòng: Trần văn;Getting_data_video/554_Trần văn\554_Trần văn.mp4
[13/06/2025 11:20:45] ❌ Video không tồn tại: Getting_data_video/888_Tran Thi Tam\888_Tran Thi Tam.mp4
[13/06/2025 11:20:45] ========== KẾT THÚC ==========

[13/06/2025 11:22:48] ❌ Định dạng không đúng cho dòng: 123123;Ngo Thanh Tan;Getting_data_video/123123_NgoThanhTan/123123_NgoThanhTan.mp4554;
[13/06/2025 11:22:48] ❌ Định dạng không đúng cho dòng: Trần văn;Getting_data_video/554_Trần văn\554_Trần văn.mp4
[13/06/2025 11:22:48] ❌ Video không tồn tại: Getting_data_video/888_Tran Thi Tam\888_Tran Thi Tam.mp4
[13/06/2025 11:22:48] ========== KẾT THÚC ==========

[13/06/2025 11:23:07] ❌ Định dạng không đúng cho dòng: 123123;Ngo Thanh Tan;Getting_data_video/123123_NgoThanhTan/123123_NgoThanhTan.mp;
[13/06/2025 11:24:12] ❌ Định dạng không đúng cho dòng: Trần văn;Getting_data_video/554_Trần văn\554_Trần văn.mp4
[13/06/2025 11:24:12] ❌ Không thể mở video. Có thể lỗi codec hoặc sai định dạng: 
[13/06/2025 11:24:12] ❌ Video không tồn tại: Getting_data_video/888_Tran Thi Tam\888_Tran Thi Tam.mp4
[13/06/2025 11:24:12] ========== KẾT THÚC ==========

[13/06/2025 11:25:04] ❌ Định dạng không đúng cho dòng: Trần văn;Getting_data_video/554_Trần văn\554_Trần văn.mp4
[13/06/2025 11:25:04] ❌ Không thể mở video. Có thể lỗi codec hoặc sai định dạng: 
[13/06/2025 11:25:04] ❌ Video không tồn tại: Getting_data_video/888_Tran Thi Tam\888_Tran Thi Tam.mp4
[13/06/2025 11:25:04] ========== KẾT THÚC ==========

[13/06/2025 11:25:25] ❌ Định dạng không đúng cho dòng: Trần văn;Getting_data_video/554_Trần văn\554_Trần văn.mp4
[13/06/2025 11:25:25] ❌ Không thể mở video. Có thể lỗi codec hoặc sai định dạng: 
[13/06/2025 11:25:25] ❌ Video không tồn tại: Getting_data_video/888_Tran Thi Tam\888_Tran Thi Tam.mp4
[13/06/2025 11:25:25] ========== KẾT THÚC ==========

[13/06/2025 11:25:33] ❌ Định dạng không đúng cho dòng: Trần văn;Getting_data_video/554_Trần văn\554_Trần văn.mp4
[13/06/2025 11:25:33] ❌ Không thể mở video. Có thể lỗi codec hoặc sai định dạng: 
[13/06/2025 11:25:33] ❌ Video không tồn tại: Getting_data_video/888_Tran Thi Tam\888_Tran Thi Tam.mp4
[13/06/2025 11:25:33] ========== KẾT THÚC ==========

[13/06/2025 11:32:16] ❌ Định dạng không đúng cho dòng: Trần văn;Getting_data_video/554_Trần văn\554_Trần văn.mp4
[13/06/2025 11:33:20] ❌ Định dạng không đúng cho dòng: Trần văn;Getting_data_video/554_Trần văn/554_Trần văn.mp4
[13/06/2025 11:35:26] ❌ Định dạng không đúng cho dòng: Trần văn;Getting_data_video/554_Trần văn/554_Trần văn.mp4
[13/06/2025 11:35:26] ❌ Định dạng không đúng cho dòng: Trần văn;Getting_data_video/554_Trần văn/554_Trần văn.mp4
[13/06/2025 11:35:26] ❌ Sinh viên Getting_data_video/123123_NgoThanhTan/123123_NgoThanhTan.mp4 đã tồn tại, bỏ qua.
[13/06/2025 11:35:26] ❌ Không thể mở video. Có thể lỗi codec hoặc sai định dạng: 
[13/06/2025 11:35:26] ❌ Định dạng không đúng cho dòng: Trần văn;Getting_data_video/554_Trần văn/554_Trần văn.mp4
[13/06/2025 11:35:26] ❌ Sinh viên Tran Thi Tam đã tồn tại, bỏ qua.
[13/06/2025 11:35:26] ❌ Video không tồn tại: Getting_data_video/888_Tran Thi Tam/888_Tran Thi Tam.mp4
[13/06/2025 11:35:26] ========== KẾT THÚC ==========

[13/06/2025 11:35:39] ❌ Định dạng không đúng cho dòng: Trần văn;Getting_data_video/554_Trần văn/554_Trần văn.mp4
[13/06/2025 11:35:39] ❌ Định dạng không đúng cho dòng: Trần văn;Getting_data_video/554_Trần văn/554_Trần văn.mp4
[13/06/2025 11:35:39] ❌ Sinh viên Getting_data_video/123123_NgoThanhTan/123123_NgoThanhTan.mp4 đã tồn tại, bỏ qua.
[13/06/2025 11:35:39] ❌ Không thể mở video. Có thể lỗi codec hoặc sai định dạng: 
[13/06/2025 11:35:39] ❌ Định dạng không đúng cho dòng: Trần văn;Getting_data_video/554_Trần văn/554_Trần văn.mp4
[13/06/2025 11:35:39] ❌ Sinh viên Tran Thi Tam đã tồn tại, bỏ qua.
[13/06/2025 11:35:39] ❌ Video không tồn tại: Getting_data_video/888_Tran Thi Tam/888_Tran Thi Tam.mp4
[13/06/2025 11:35:39] ========== KẾT THÚC ==========

[13/06/2025 11:35:49] ❌ Định dạng không đúng cho dòng: Trần văn;Getting_data_video/554_Trần văn/554_Trần văn.mp4
[13/06/2025 11:35:49] ❌ Định dạng không đúng cho dòng: Trần văn;Getting_data_video/554_Trần văn/554_Trần văn.mp4
[13/06/2025 11:35:49] ❌ Sinh viên Getting_data_video/123123_NgoThanhTan/123123_NgoThanhTan.mp4 đã tồn tại, bỏ qua.
[13/06/2025 11:35:49] ❌ Không thể mở video. Có thể lỗi codec hoặc sai định dạng: 
[13/06/2025 11:35:49] ❌ Định dạng không đúng cho dòng: Trần văn;Getting_data_video/554_Trần văn/554_Trần văn.mp4
[13/06/2025 11:35:49] ❌ Sinh viên Tran Thi Tam đã tồn tại, bỏ qua.
[13/06/2025 11:35:49] ❌ Video không tồn tại: Getting_data_video/888_Tran Thi Tam/888_Tran Thi Tam.mp4
[13/06/2025 11:35:49] ========== KẾT THÚC ==========

[13/06/2025 11:36:43] ❌ Sinh viên Nguyễn Văn A đã tồn tại, bỏ qua.
[13/06/2025 11:36:43] ❌ Video không tồn tại: Getting_data_video/12345678_NguyenVanA/12345678_NguyenVanA.mp4
[13/06/2025 11:36:43] ❌ Sinh viên Trần Thị B đã tồn tại, bỏ qua.
[13/06/2025 11:36:43] ❌ Video không tồn tại: Getting_data_video/23456789_TranThiB/23456789_TranThiB.mp4
[13/06/2025 11:36:43] ❌ Sinh viên Lê Minh C đã tồn tại, bỏ qua.
[13/06/2025 11:36:43] ❌ Video không tồn tại: Getting_data_video/34567890_LeMinhC/34567890_LeMinhC.mp4
[13/06/2025 11:36:43] ========== KẾT THÚC ==========

[13/06/2025 11:41:13] ❌ Sinh viên Nguyễn Văn A đã tồn tại, bỏ qua.
[13/06/2025 11:41:13] ❌ Video không tồn tại: Getting_data_video/12345678_NguyenVanA/12345678_NguyenVanA.mp4
[13/06/2025 11:41:13] ❌ Sinh viên Trần Thị B đã tồn tại, bỏ qua.
[13/06/2025 11:41:13] ❌ Video không tồn tại: Getting_data_video/23456789_TranThiB/23456789_TranThiB.mp4
[13/06/2025 11:41:13] ❌ Sinh viên Lê Minh C đã tồn tại, bỏ qua.
[13/06/2025 11:41:13] ❌ Video không tồn tại: Getting_data_video/34567890_LeMinhC/34567890_LeMinhC.mp4
[13/06/2025 11:41:13] ========== KẾT THÚC ==========

[13/06/2025 11:42:11] ❌ Sinh viên Nguyễn Văn A đã tồn tại, bỏ qua.
[13/06/2025 11:42:11] ❌ Video không tồn tại: Getting_data_video/12345678_NguyenVanA/12345678_NguyenVanA.mp4
[13/06/2025 11:42:11] ❌ Sinh viên Trần Thị B đã tồn tại, bỏ qua.
[13/06/2025 11:42:11] ❌ Video không tồn tại: Getting_data_video/23456789_TranThiB/23456789_TranThiB.mp4
[13/06/2025 11:42:11] ❌ Sinh viên Lê Minh C đã tồn tại, bỏ qua.
[13/06/2025 11:42:11] ❌ Video không tồn tại: Getting_data_video/34567890_LeMinhC/34567890_LeMinhC.mp4
[13/06/2025 11:42:11] ========== KẾT THÚC ==========

[13/06/2025 11:46:47] ✅ Đã mở video thành công: Getting_data_video\123123_Ngo Thanh Tan\123123_NgoThanhTan.mp4
[13/06/2025 11:46:49] ✅ Đã mở video thành công: Getting_data_video\123123_NgoThanhTan\123123_NgoThanhTan.mp4
[13/06/2025 11:46:50] ✅ Hoàn thành tạo dữ liệu.
